<?xml version="1.0" encoding="utf-8" standalone="no"?>
<!--This file represents the results of running a test suite-->
<test-results name="C:\Users\17585\Documents\Visual Studio 2012\Projects\FBL\UnitTestProject1\bin\Debug\UnitTestProject1.dll" total="1" errors="0" failures="0" not-run="0" inconclusive="0" ignored="0" skipped="0" invalid="0" date="2013-08-02" time="15:54:02">
  <environment nunit-version="2.6.2.12296" clr-version="2.0.50727.6407" os-version="Microsoft Windows NT 6.2.9200.0" platform="Win32NT" cwd="C:\Program Files (x86)\NUnit 2.6.2\bin" machine-name="RAJA" user="17585" user-domain="RAJA" />
  <culture-info current-culture="en-US" current-uiculture="en-GB" />
  <test-suite type="Assembly" name="C:\Users\17585\Documents\Visual Studio 2012\Projects\FBL\UnitTestProject1\bin\Debug\UnitTestProject1.dll" executed="True" result="Success" success="True" time="0.052" asserts="0">
    <results>
      <test-suite type="Namespace" name="UnitTestProject1" executed="True" result="Success" success="True" time="0.036" asserts="0">
        <results>
          <test-suite type="TestFixture" name="UnitTest1" executed="True" result="Success" success="True" time="0.035" asserts="0">
            <results>
              <test-suite type="ParameterizedTest" name="NUnitTest" executed="True" result="Success" success="True" time="0.028" asserts="0">
                <results>
                  <test-case name="UnitTestProject1.UnitTest1.NUnitTest()" executed="True" result="Success" success="True" time="0.019" asserts="0" />
                </results>
              </test-suite>
            </results>
          </test-suite>
        </results>
      </test-suite>
    </results>
  </test-suite>
</test-results>